<?xml version="1.0" encoding="UTF-8"?>
<!-- Generated by org.testng.reporters.JUnitReportReporter -->
<testsuite skipped="0" hostname="Styx" name="com.revature.loggingtest.LoggingTest" tests="1" failures="0" timestamp="20 Aug 2019 19:39:49 GMT" time="0.000" errors="0">
  <testcase name="testOne" time="0.000" classname="com.revature.loggingtest.LoggingTest"/>
</testsuite> <!-- com.revature.loggingtest.LoggingTest -->
