<?xml version="1.0" encoding="UTF-8"?>
<!-- Generated by org.testng.reporters.JUnitReportReporter -->
<testsuite skipped="0" hostname="Daniel" name="com.revature.controllertests.ContentControllerTest" tests="3" failures="0" timestamp="19 Aug 2019 18:30:46 GMT" time="0.207" errors="0">
  <testcase name="getAllContents" time="0.128" classname="com.revature.controllertests.ContentControllerTest"/>
  <testcase name="givenValidDataCreateContent" time="0.036" classname="com.revature.controllertests.ContentControllerTest"/>
  <testcase name="getContentById" time="0.043" classname="com.revature.controllertests.ContentControllerTest"/>
</testsuite> <!-- com.revature.controllertests.ContentControllerTest -->
