<?xml version="1.0" encoding="UTF-8"?>
<!-- Generated by org.testng.reporters.JUnitReportReporter -->
<testsuite skipped="0" hostname="KylesPC" name="com.revature.exceptions.InvalidModuleExceptionTest" tests="4" failures="0" timestamp="16 Oct 2019 19:36:38 GMT" time="0.005" errors="0">
  <testcase name="InvalidModuleExceptionMessageInjectedByThrowTestTrue" time="0.000" classname="com.revature.exceptions.InvalidModuleExceptionTest"/>
  <testcase name="InvalidModuleExceptionMessageInjectedByThrowTestFalse" time="0.001" classname="com.revature.exceptions.InvalidModuleExceptionTest"/>
  <testcase name="InvalidModuleExceptionMessageInjectedBySuperTestFalse" time="0.003" classname="com.revature.exceptions.InvalidModuleExceptionTest"/>
  <testcase name="InvalidModuleExceptionMessageInjectedBySuperTestTrue" time="0.001" classname="com.revature.exceptions.InvalidModuleExceptionTest"/>
</testsuite> <!-- com.revature.exceptions.InvalidModuleExceptionTest -->
