<?xml version="1.0" encoding="UTF-8"?>
<!-- Generated by org.testng.reporters.JUnitReportReporter -->
<testsuite skipped="0" hostname="Daniel" name="com.revature.controllertests.ContentControllerTest" tests="5" failures="0" timestamp="19 Aug 2019 18:47:38 GMT" time="0.403" errors="0">
  <testcase name="givenValidDataCreateContent" time="0.083" classname="com.revature.controllertests.ContentControllerTest"/>
  <testcase name="getContentById" time="0.015" classname="com.revature.controllertests.ContentControllerTest"/>
  <testcase name="deleteContent" time="0.166" classname="com.revature.controllertests.ContentControllerTest"/>
  <testcase name="getAllContents" time="0.120" classname="com.revature.controllertests.ContentControllerTest"/>
  <testcase name="updateContent" time="0.019" classname="com.revature.controllertests.ContentControllerTest"/>
</testsuite> <!-- com.revature.controllertests.ContentControllerTest -->
