<?xml version="1.0" encoding="UTF-8"?>
<!-- Generated by org.testng.reporters.JUnitReportReporter -->
<testsuite skipped="0" hostname="KylesPC" name="com.revature.JSONEntities.JSONRequestTest" tests="3" failures="0" timestamp="16 Oct 2019 19:36:38 GMT" time="0.188" errors="0">
  <testcase name="testToString" time="0.000" classname="com.revature.JSONEntities.JSONRequestTest"/>
  <testcase name="equalsTest" time="0.188" classname="com.revature.JSONEntities.JSONRequestTest"/>
  <testcase name="testContent" time="0.000" classname="com.revature.JSONEntities.JSONRequestTest"/>
</testsuite> <!-- com.revature.JSONEntities.JSONRequestTest -->
