<?xml version="1.0" encoding="UTF-8"?>
<!-- Generated by org.testng.reporters.JUnitReportReporter -->
<testsuite skipped="0" hostname="KylesPC" name="com.revature.exceptions.InvalidContentIdTest" tests="4" failures="0" timestamp="16 Oct 2019 19:36:38 GMT" time="0.012" errors="0">
  <testcase name="InvalidContentIdMessageInjectedBySuperTestTrue" time="0.001" classname="com.revature.exceptions.InvalidContentIdTest"/>
  <testcase name="InvalidContentIdMessageInjectedBySuperTestFalse" time="0.007" classname="com.revature.exceptions.InvalidContentIdTest"/>
  <testcase name="InvalidContentIdMessageInjectedByThrowTestFalse" time="0.003" classname="com.revature.exceptions.InvalidContentIdTest"/>
  <testcase name="InvalidContentIdMessageInjectedByThrowTestTrue" time="0.001" classname="com.revature.exceptions.InvalidContentIdTest"/>
</testsuite> <!-- com.revature.exceptions.InvalidContentIdTest -->
