<?xml version="1.0" encoding="UTF-8"?>
<!-- Generated by org.testng.reporters.JUnitReportReporter -->
<testsuite skipped="0" hostname="Daniel" name="com.revature.controllertests.SearchControllerTest" tests="2" failures="0" timestamp="19 Aug 2019 20:33:22 GMT" time="0.062" errors="0">
  <testcase name="givenInvalidSearchGetNoContent" time="0.027" classname="com.revature.controllertests.SearchControllerTest"/>
  <testcase name="givenValidSearchGetContent" time="0.035" classname="com.revature.controllertests.SearchControllerTest"/>
</testsuite> <!-- com.revature.controllertests.SearchControllerTest -->
