<?xml version="1.0" encoding="UTF-8"?>
<!-- Generated by org.testng.reporters.JUnitReportReporter -->
<testsuite skipped="0" hostname="Bens-TwoInOne" name="com.revature.servicestests.ContentServiceTest" tests="7" failures="0" timestamp="20 Aug 2019 19:10:42 GMT" time="0.039" errors="0">
  <testcase name="testCreateContent" time="0.006" classname="com.revature.servicestests.ContentServiceTest"/>
  <testcase name="testGetContentByFormatWithContents" time="0.006" classname="com.revature.servicestests.ContentServiceTest"/>
  <testcase name="testGetAllContentMinusLinks" time="0.009" classname="com.revature.servicestests.ContentServiceTest"/>
  <testcase name="testGetContentById" time="0.003" classname="com.revature.servicestests.ContentServiceTest"/>
  <testcase name="testUpdateContent" time="0.008" classname="com.revature.servicestests.ContentServiceTest"/>
  <testcase name="testGetAllContent" time="0.005" classname="com.revature.servicestests.ContentServiceTest"/>
  <testcase name="testGetContentByFormatWithStrings" time="0.002" classname="com.revature.servicestests.ContentServiceTest"/>
</testsuite> <!-- com.revature.servicestests.ContentServiceTest -->
