<?xml version="1.0" encoding="UTF-8"?>
<!-- Generated by org.testng.reporters.JUnitReportReporter -->
<testsuite skipped="0" hostname="KylesPC" name="com.revature.controllertests.CurriculumControllerTest" tests="5" failures="0" timestamp="16 Oct 2019 20:38:49 GMT" time="0.923" errors="0">
  <testcase name="givenValidDataCreateCurriculum" time="0.103" classname="com.revature.controllertests.CurriculumControllerTest"/>
  <testcase name="deleteCurriculum" time="0.388" classname="com.revature.controllertests.CurriculumControllerTest"/>
  <testcase name="getAllCurriculum" time="0.231" classname="com.revature.controllertests.CurriculumControllerTest"/>
  <testcase name="getCurriculumById" time="0.193" classname="com.revature.controllertests.CurriculumControllerTest"/>
  <testcase name="updateCurriculum" time="0.008" classname="com.revature.controllertests.CurriculumControllerTest"/>
</testsuite> <!-- com.revature.controllertests.CurriculumControllerTest -->
