<?xml version="1.0" encoding="UTF-8"?>
<!-- Generated by org.testng.reporters.JUnitReportReporter -->
<testsuite skipped="0" hostname="Styx" name="com.revature.controllertests.SearchControllerTest" tests="2" failures="0" timestamp="20 Aug 2019 19:39:49 GMT" time="0.194" errors="0">
  <testcase name="givenInvalidSearchGetNoContent" time="0.165" classname="com.revature.controllertests.SearchControllerTest"/>
  <testcase name="givenValidSearchGetContent" time="0.029" classname="com.revature.controllertests.SearchControllerTest"/>
</testsuite> <!-- com.revature.controllertests.SearchControllerTest -->
