<?xml version="1.0" encoding="UTF-8"?>
<!-- Generated by org.testng.reporters.JUnitReportReporter -->
<testsuite skipped="0" hostname="KylesPC" name="com.revature.JSONEntities.JSONModuleTest" tests="3" failures="0" timestamp="16 Oct 2019 19:36:38 GMT" time="0.219" errors="0">
  <testcase name="equalsTest" time="0.217" classname="com.revature.JSONEntities.JSONModuleTest"/>
  <testcase name="testToString" time="0.000" classname="com.revature.JSONEntities.JSONModuleTest"/>
  <testcase name="testContent" time="0.002" classname="com.revature.JSONEntities.JSONModuleTest"/>
</testsuite> <!-- com.revature.JSONEntities.JSONModuleTest -->
