<?xml version="1.0" encoding="UTF-8"?>
<!-- Generated by org.testng.reporters.JUnitReportReporter -->
<testsuite skipped="0" hostname="Daniel" name="com.revature.controllertests.ModuleControllerTest" tests="4" failures="0" timestamp="19 Aug 2019 20:33:22 GMT" time="0.073" errors="0">
  <testcase name="givenValidDataCreateModule" time="0.024" classname="com.revature.controllertests.ModuleControllerTest"/>
  <testcase name="getModuleById" time="0.010" classname="com.revature.controllertests.ModuleControllerTest"/>
  <testcase name="deleteModule" time="0.008" classname="com.revature.controllertests.ModuleControllerTest"/>
  <testcase name="getAllModules" time="0.031" classname="com.revature.controllertests.ModuleControllerTest"/>
</testsuite> <!-- com.revature.controllertests.ModuleControllerTest -->
