<?xml version="1.0" encoding="UTF-8"?>
<!-- Generated by org.testng.reporters.JUnitReportReporter -->
<testsuite skipped="0" hostname="KylesPC" name="com.revature.controllers.RequestControllerTest" tests="18" failures="0" timestamp="16 Oct 2019 19:36:38 GMT" time="0.608" errors="0">
  <testcase name="getReqLinksByRequestIdStatusOk" time="0.029" classname="com.revature.controllers.RequestControllerTest"/>
  <testcase name="deleteRequest" time="0.018" classname="com.revature.controllers.RequestControllerTest"/>
  <testcase name="getAllRequestsTestReturn" time="0.081" classname="com.revature.controllers.RequestControllerTest"/>
  <testcase name="updateRequestWithInvalidId" time="0.018" classname="com.revature.controllers.RequestControllerTest"/>
  <testcase name="givenValidDataCreateRequest" time="0.015" classname="com.revature.controllers.RequestControllerTest"/>
  <testcase name="updateRequest" time="0.089" classname="com.revature.controllers.RequestControllerTest"/>
  <testcase name="getSearchResultsByModulesTestReturn" time="0.022" classname="com.revature.controllers.RequestControllerTest"/>
  <testcase name="getAllRequestsStatusOK" time="0.045" classname="com.revature.controllers.RequestControllerTest"/>
  <testcase name="updateReqLinksStatusOk" time="0.038" classname="com.revature.controllers.RequestControllerTest"/>
  <testcase name="getSearchResultsByModulesStatusO" time="0.023" classname="com.revature.controllers.RequestControllerTest"/>
  <testcase name="givenValidDataCreateReqLinksTestReturn" time="0.030" classname="com.revature.controllers.RequestControllerTest"/>
  <testcase name="getRequestByIdTestReturn" time="0.008" classname="com.revature.controllers.RequestControllerTest"/>
  <testcase name="updateReqLinksTestReturn" time="0.074" classname="com.revature.controllers.RequestControllerTest"/>
  <testcase name="getRequestByIdStatusOk" time="0.007" classname="com.revature.controllers.RequestControllerTest"/>
  <testcase name="getReqLinksByRequestIdTestReturn" time="0.030" classname="com.revature.controllers.RequestControllerTest"/>
  <testcase name="getSearchResultsByTitle" time="0.018" classname="com.revature.controllers.RequestControllerTest"/>
  <testcase name="givenValidDataCreateReqLinksStatusOK" time="0.054" classname="com.revature.controllers.RequestControllerTest"/>
  <testcase name="getSearchResultsByTitleStatusOk" time="0.009" classname="com.revature.controllers.RequestControllerTest"/>
</testsuite> <!-- com.revature.controllers.RequestControllerTest -->
