<?xml version="1.0" encoding="UTF-8"?>
<!-- Generated by org.testng.reporters.JUnitReportReporter -->
<testsuite skipped="0" hostname="KylesPC" name="com.revature.exceptions.InvalidRequestIdExceptionTest" tests="4" failures="0" timestamp="16 Oct 2019 19:36:39 GMT" time="0.000" errors="0">
  <testcase name="InvalidRequestIdExceptionMessageInjectedByThrowTestTrue" time="0.000" classname="com.revature.exceptions.InvalidRequestIdExceptionTest"/>
  <testcase name="InvalidRequestIdExceptionMessageInjectedByThrowTestFalse" time="0.000" classname="com.revature.exceptions.InvalidRequestIdExceptionTest"/>
  <testcase name="InvalidRequestIdExceptionMessageInjectedBySuperTestTrue" time="0.000" classname="com.revature.exceptions.InvalidRequestIdExceptionTest"/>
  <testcase name="InvalidRequestIdExceptionMessageInjectedBySuperTestFalse" time="0.000" classname="com.revature.exceptions.InvalidRequestIdExceptionTest"/>
</testsuite> <!-- com.revature.exceptions.InvalidRequestIdExceptionTest -->
