<?xml version="1.0" encoding="UTF-8"?>
<!-- Generated by org.testng.reporters.JUnitReportReporter -->
<testsuite skipped="0" hostname="Styx" name="com.revature.utiltests.TimeGraphTest" tests="7" failures="0" timestamp="20 Aug 2019 19:39:49 GMT" time="0.000" errors="0">
  <testcase name="testGetReturnedLongs" time="0.000" classname="com.revature.utiltests.TimeGraphTest"/>
  <testcase name="testSetNumContents" time="0.000" classname="com.revature.utiltests.TimeGraphTest"/>
  <testcase name="testGetNumContents" time="0.000" classname="com.revature.utiltests.TimeGraphTest"/>
  <testcase name="testSetReturnedLongs" time="0.000" classname="com.revature.utiltests.TimeGraphTest"/>
  <testcase name="testTimeGraphData" time="0.000" classname="com.revature.utiltests.TimeGraphTest"/>
  <testcase name="testTimeGraphDataListOfLongInt" time="0.000" classname="com.revature.utiltests.TimeGraphTest"/>
  <testcase name="testToString" time="0.000" classname="com.revature.utiltests.TimeGraphTest"/>
</testsuite> <!-- com.revature.utiltests.TimeGraphTest -->
