<?xml version="1.0" encoding="UTF-8"?>
<!-- Generated by org.testng.reporters.JUnitReportReporter -->
<testsuite skipped="0" hostname="KylesPC" name="com.revature.services.ContentServiceTest" tests="7" failures="0" timestamp="16 Oct 2019 19:36:38 GMT" time="0.019" errors="0">
  <testcase name="testGetAllContent" time="0.007" classname="com.revature.services.ContentServiceTest"/>
  <testcase name="testUpdateContent" time="0.001" classname="com.revature.services.ContentServiceTest"/>
  <testcase name="testGetContentById" time="0.001" classname="com.revature.services.ContentServiceTest"/>
  <testcase name="testGetContentByFormatWithContents" time="0.001" classname="com.revature.services.ContentServiceTest"/>
  <testcase name="testCreateContent" time="0.001" classname="com.revature.services.ContentServiceTest"/>
  <testcase name="testGetContentByFormatWithStrings" time="0.007" classname="com.revature.services.ContentServiceTest"/>
  <testcase name="testGetAllContentMinusLinks" time="0.001" classname="com.revature.services.ContentServiceTest"/>
</testsuite> <!-- com.revature.services.ContentServiceTest -->
