<?xml version="1.0" encoding="UTF-8"?>
<!-- Generated by org.testng.reporters.JUnitReportReporter -->
<testsuite skipped="0" hostname="Daniel" name="com.revature.controllertests.SearchControllerTest" tests="2" failures="0" timestamp="19 Aug 2019 18:30:46 GMT" time="0.054" errors="0">
  <testcase name="givenValidSearchGetContent" time="0.013" classname="com.revature.controllertests.SearchControllerTest"/>
  <testcase name="givenInvalidSearchGetNoContent" time="0.041" classname="com.revature.controllertests.SearchControllerTest"/>
</testsuite> <!-- com.revature.controllertests.SearchControllerTest -->
