<?xml version="1.0" encoding="UTF-8"?>
<!-- Generated by org.testng.reporters.JUnitReportReporter -->
<testsuite skipped="0" hostname="Daniel" name="com.revature.servicestests.TimeGraphServiceTest" tests="2" failures="0" timestamp="19 Aug 2019 18:30:46 GMT" time="0.034" errors="0">
  <testcase name="testGetTimeGraphData" time="0.002" classname="com.revature.servicestests.TimeGraphServiceTest"/>
  <testcase name="timeScaleInMarginOneVal" time="0.032" classname="com.revature.servicestests.TimeGraphServiceTest"/>
</testsuite> <!-- com.revature.servicestests.TimeGraphServiceTest -->
