<?xml version="1.0" encoding="UTF-8"?>
<!-- Generated by org.testng.reporters.JUnitReportReporter -->
<testsuite skipped="0" hostname="KylesPC" name="com.revature.exceptions.InvalidContentExceptionTest" tests="4" failures="0" timestamp="16 Oct 2019 19:36:38 GMT" time="0.006" errors="0">
  <testcase name="InvalidContentExceptionMessageInjectedBySuperTestFalse" time="0.001" classname="com.revature.exceptions.InvalidContentExceptionTest"/>
  <testcase name="InvalidContentExceptionMessageInjectedBySuperTestTrue" time="0.001" classname="com.revature.exceptions.InvalidContentExceptionTest"/>
  <testcase name="InvalidContentExceptionMessageInjectedByThrowTestFalse" time="0.003" classname="com.revature.exceptions.InvalidContentExceptionTest"/>
  <testcase name="InvalidContentExceptionMessageInjectedByThrowTestTrue" time="0.001" classname="com.revature.exceptions.InvalidContentExceptionTest"/>
</testsuite> <!-- com.revature.exceptions.InvalidContentExceptionTest -->
