<?xml version="1.0" encoding="UTF-8"?>
<!-- Generated by org.testng.reporters.JUnitReportReporter -->
<testsuite skipped="0" hostname="KylesPC" name="com.revature.util.TimeGraphTest" tests="8" failures="0" timestamp="16 Oct 2019 19:36:38 GMT" time="0.070" errors="0">
  <testcase name="testToString" time="0.001" classname="com.revature.util.TimeGraphTest"/>
  <testcase name="testTimeGraphDataInstanceof" time="0.001" classname="com.revature.util.TimeGraphTest"/>
  <testcase name="testSetReturnedLongs" time="0.001" classname="com.revature.util.TimeGraphTest"/>
  <testcase name="testTimeGraphDataNotEqual" time="0.002" classname="com.revature.util.TimeGraphTest"/>
  <testcase name="testSetNumContents" time="0.000" classname="com.revature.util.TimeGraphTest"/>
  <testcase name="testGetNumContents" time="0.000" classname="com.revature.util.TimeGraphTest"/>
  <testcase name="equalsTest" time="0.064" classname="com.revature.util.TimeGraphTest"/>
  <testcase name="testGetReturnedLongs" time="0.001" classname="com.revature.util.TimeGraphTest"/>
</testsuite> <!-- com.revature.util.TimeGraphTest -->
