<?xml version="1.0" encoding="UTF-8"?>
<!-- Generated by org.testng.reporters.JUnitReportReporter -->
<testsuite skipped="0" hostname="KylesPC" name="com.revature.services.SearchServiceTest" tests="4" failures="0" timestamp="16 Oct 2019 19:36:38 GMT" time="0.092" errors="0">
  <testcase name="filterContentByTitleTest" time="0.020" classname="com.revature.services.SearchServiceTest"/>
  <testcase name="filterContentByFormatTest" time="0.005" classname="com.revature.services.SearchServiceTest"/>
  <testcase name="getContentByModuleIdTest" time="0.006" classname="com.revature.services.SearchServiceTest"/>
  <testcase name="filterContentBySubjectsTest" time="0.061" classname="com.revature.services.SearchServiceTest"/>
</testsuite> <!-- com.revature.services.SearchServiceTest -->
