<?xml version="1.0" encoding="UTF-8"?>
<!-- Generated by org.testng.reporters.JUnitReportReporter -->
<testsuite skipped="0" hostname="Daniel" name="com.revature.loggingtest.LoggingTest" tests="1" failures="0" timestamp="19 Aug 2019 18:47:38 GMT" time="0.007" errors="0">
  <testcase name="testOne" time="0.007" classname="com.revature.loggingtest.LoggingTest"/>
</testsuite> <!-- com.revature.loggingtest.LoggingTest -->
