<?xml version="1.0" encoding="UTF-8"?>
<!-- Generated by org.testng.reporters.JUnitReportReporter -->
<testsuite skipped="0" hostname="Daniel" name="com.revature.servicestests.SearchServiceTest" tests="2" failures="0" timestamp="20 Aug 2019 03:03:12 GMT" time="0.000" errors="0">
  <testcase name="filterByFormatTest" time="0.000" classname="com.revature.servicestests.SearchServiceTest"/>
  <testcase name="filterContentByTitleTest" time="0.000" classname="com.revature.servicestests.SearchServiceTest"/>
</testsuite> <!-- com.revature.servicestests.SearchServiceTest -->
