<?xml version="1.0" encoding="UTF-8"?>
<!-- Generated by org.testng.reporters.JUnitReportReporter -->
<testsuite skipped="0" hostname="Daniel" name="com.revature.utiltests.MetricsDataTest" tests="16" failures="0" timestamp="19 Aug 2019 19:33:39 GMT" time="1.930" errors="0">
  <testcase name="testSetAvgResources" time="0.004" classname="com.revature.utiltests.MetricsDataTest"/>
  <testcase name="testToString" time="0.009" classname="com.revature.utiltests.MetricsDataTest"/>
  <testcase name="testMetricsDataIntIntIntIntDoubleTimeGraphData" time="0.002" classname="com.revature.utiltests.MetricsDataTest"/>
  <testcase name="testEqualsObject" time="1.831" classname="com.revature.utiltests.MetricsDataTest"/>
  <testcase name="testSetPptCount" time="0.001" classname="com.revature.utiltests.MetricsDataTest"/>
  <testcase name="testGetNumDiffModsCount" time="0.002" classname="com.revature.utiltests.MetricsDataTest"/>
  <testcase name="testGetTimeGraphData" time="0.002" classname="com.revature.utiltests.MetricsDataTest"/>
  <testcase name="testGetPptCount" time="0.001" classname="com.revature.utiltests.MetricsDataTest"/>
  <testcase name="testSetNumDiffModsCount" time="0.002" classname="com.revature.utiltests.MetricsDataTest"/>
  <testcase name="testGetAvgResources" time="0.037" classname="com.revature.utiltests.MetricsDataTest"/>
  <testcase name="testGetCodeCount" time="0.012" classname="com.revature.utiltests.MetricsDataTest"/>
  <testcase name="testGetDocumentCount" time="0.017" classname="com.revature.utiltests.MetricsDataTest"/>
  <testcase name="testSetDocumentCount" time="0.002" classname="com.revature.utiltests.MetricsDataTest"/>
  <testcase name="testSetCodeCount" time="0.001" classname="com.revature.utiltests.MetricsDataTest"/>
  <testcase name="testSetTimeGraphData" time="0.001" classname="com.revature.utiltests.MetricsDataTest"/>
  <testcase name="testMetricsData" time="0.006" classname="com.revature.utiltests.MetricsDataTest"/>
</testsuite> <!-- com.revature.utiltests.MetricsDataTest -->
