<?xml version="1.0" encoding="UTF-8"?>
<!-- Generated by org.testng.reporters.JUnitReportReporter -->
<testsuite skipped="0" hostname="Daniel" name="com.revature.servicestests.TimeGraphServiceTest2" tests="2" failures="0" timestamp="19 Aug 2019 18:25:53 GMT" time="0.064" errors="0">
  <testcase name="testGetTimeGraphData" time="0.020" classname="com.revature.servicestests.TimeGraphServiceTest2"/>
  <testcase name="timeScaleInMarginOneVal" time="0.044" classname="com.revature.servicestests.TimeGraphServiceTest2"/>
</testsuite> <!-- com.revature.servicestests.TimeGraphServiceTest2 -->
