<?xml version="1.0" encoding="UTF-8"?>
<!-- Generated by org.testng.reporters.JUnitReportReporter -->
<testsuite skipped="0" hostname="Daniel" name="com.revature.servicestests.ContentServiceTest" tests="7" failures="0" timestamp="20 Aug 2019 03:03:12 GMT" time="0.046" errors="0">
  <testcase name="testGetAllContent" time="0.016" classname="com.revature.servicestests.ContentServiceTest"/>
  <testcase name="testCreateContent" time="0.000" classname="com.revature.servicestests.ContentServiceTest"/>
  <testcase name="testGetContentById" time="0.000" classname="com.revature.servicestests.ContentServiceTest"/>
  <testcase name="testUpdateContent" time="0.015" classname="com.revature.servicestests.ContentServiceTest"/>
  <testcase name="testGetAllContentMinusLinks" time="0.000" classname="com.revature.servicestests.ContentServiceTest"/>
  <testcase name="testGetContentByFormatWithStrings" time="0.015" classname="com.revature.servicestests.ContentServiceTest"/>
  <testcase name="testGetContentByFormatWithContents" time="0.000" classname="com.revature.servicestests.ContentServiceTest"/>
</testsuite> <!-- com.revature.servicestests.ContentServiceTest -->
