<?xml version="1.0" encoding="UTF-8"?>
<!-- Generated by org.testng.reporters.JUnitReportReporter -->
<testsuite skipped="0" hostname="Styx" name="com.revature.servicestests.TimeGraphServiceTest" tests="2" failures="0" timestamp="20 Aug 2019 19:39:49 GMT" time="0.079" errors="0">
  <testcase name="testGetTimeGraphData" time="0.016" classname="com.revature.servicestests.TimeGraphServiceTest"/>
  <testcase name="timeScaleInMarginOneVal" time="0.063" classname="com.revature.servicestests.TimeGraphServiceTest"/>
</testsuite> <!-- com.revature.servicestests.TimeGraphServiceTest -->
