<?xml version="1.0" encoding="UTF-8"?>
<!-- Generated by org.testng.reporters.JUnitReportReporter -->
<testsuite skipped="0" hostname="KylesPC" name="com.revature.entities.ModuleTest" tests="20" failures="0" timestamp="16 Oct 2019 19:36:39 GMT" time="0.102" errors="0">
  <testcase name="setReqLinksTestFalse" time="0.013" classname="com.revature.entities.ModuleTest"/>
  <testcase name="equalsWhenIdNullFalse" time="0.009" classname="com.revature.entities.ModuleTest"/>
  <testcase name="setChildrenTestFalse" time="0.010" classname="com.revature.entities.ModuleTest"/>
  <testcase name="equalsWhenObjectEqualsNullFalse" time="0.004" classname="com.revature.entities.ModuleTest"/>
  <testcase name="setReqLinksTestTrue" time="0.001" classname="com.revature.entities.ModuleTest"/>
  <testcase name="equalsWhenBothSubjectNullFalse" time="0.002" classname="com.revature.entities.ModuleTest"/>
  <testcase name="equalsWhenObjectParentsNotNullFalse" time="0.003" classname="com.revature.entities.ModuleTest"/>
  <testcase name="setLinksTestFalse" time="0.003" classname="com.revature.entities.ModuleTest"/>
  <testcase name="equalsGetClassNotEqualFalse" time="0.019" classname="com.revature.entities.ModuleTest"/>
  <testcase name="equalsWhenBothSubjectNotEqualFalse" time="0.003" classname="com.revature.entities.ModuleTest"/>
  <testcase name="equalsWhenCreatedNotEqualFalse" time="0.005" classname="com.revature.entities.ModuleTest"/>
  <testcase name="equalsWhenThisEqualsObjectTrue" time="0.008" classname="com.revature.entities.ModuleTest"/>
  <testcase name="equalsWhenIdSubjectCreatedEqualTrue" time="0.003" classname="com.revature.entities.ModuleTest"/>
  <testcase name="setChildrenTestTrue" time="0.003" classname="com.revature.entities.ModuleTest"/>
  <testcase name="equalsWhenParentsEqualTrue" time="0.001" classname="com.revature.entities.ModuleTest"/>
  <testcase name="setLinksTestTrue" time="0.001" classname="com.revature.entities.ModuleTest"/>
  <testcase name="equalsWhenSubjectNullFalse" time="0.006" classname="com.revature.entities.ModuleTest"/>
  <testcase name="equalsWhenParentsNotEqualFalse" time="0.002" classname="com.revature.entities.ModuleTest"/>
  <testcase name="equalsWhenIdAndObjectIdNotEqualFalse" time="0.003" classname="com.revature.entities.ModuleTest"/>
  <testcase name="equalsWhenIdAndObjectIdNullTrue" time="0.003" classname="com.revature.entities.ModuleTest"/>
</testsuite> <!-- com.revature.entities.ModuleTest -->
