<?xml version="1.0" encoding="UTF-8"?>
<!-- Generated by org.testng.reporters.JUnitReportReporter -->
<testsuite skipped="0" hostname="Styx" name="com.revature.servicestests.SearchServiceTest" tests="2" failures="0" timestamp="20 Aug 2019 19:39:49 GMT" time="0.005" errors="0">
  <testcase name="filterContentByTitleTest" time="0.001" classname="com.revature.servicestests.SearchServiceTest"/>
  <testcase name="filterByFormatTest" time="0.004" classname="com.revature.servicestests.SearchServiceTest"/>
</testsuite> <!-- com.revature.servicestests.SearchServiceTest -->
