<?xml version="1.0" encoding="UTF-8"?>
<!-- Generated by org.testng.reporters.JUnitReportReporter -->
<testsuite skipped="0" hostname="KylesPC" name="com.revature.services.ModuleServiceTest" tests="14" failures="0" timestamp="16 Oct 2019 19:36:38 GMT" time="0.242" errors="0">
  <testcase name="testGetAllModules" time="0.007" classname="com.revature.services.ModuleServiceTest"/>
  <testcase name="testGetModuleById" time="0.005" classname="com.revature.services.ModuleServiceTest"/>
  <testcase name="testDeleteModule" time="0.037" classname="com.revature.services.ModuleServiceTest"/>
  <testcase name="testDeleteModuleWithNullModule" time="0.003" classname="com.revature.services.ModuleServiceTest"/>
  <testcase name="testUpdateModule" time="0.017" classname="com.revature.services.ModuleServiceTest"/>
  <testcase name="testDeleteModuleWithSpecificContent" time="0.010" classname="com.revature.services.ModuleServiceTest"/>
  <testcase name="testCreateModule" time="0.004" classname="com.revature.services.ModuleServiceTest"/>
  <testcase name="testDeleteModuleWithAllContent" time="0.029" classname="com.revature.services.ModuleServiceTest"/>
  <testcase name="testGetAllRootModules" time="0.005" classname="com.revature.services.ModuleServiceTest"/>
  <testcase name="testGetLinksByModuleId" time="0.007" classname="com.revature.services.ModuleServiceTest"/>
  <testcase name="testGetRequestLinksByModuleId" time="0.016" classname="com.revature.services.ModuleServiceTest"/>
  <testcase name="testGetAverageByAllModules" time="0.003" classname="com.revature.services.ModuleServiceTest"/>
  <testcase name="testGetAverageByModules" time="0.093" classname="com.revature.services.ModuleServiceTest"/>
  <testcase name="testGetChildrenByParentId" time="0.006" classname="com.revature.services.ModuleServiceTest"/>
</testsuite> <!-- com.revature.services.ModuleServiceTest -->
