<?xml version="1.0" encoding="UTF-8"?>
<!-- Generated by org.testng.reporters.JUnitReportReporter -->
<testsuite skipped="0" hostname="KylesPC" name="com.revature.controllertests.CurriculumControllerTest" tests="5" failures="0" timestamp="17 Oct 2019 18:53:35 GMT" time="1.250" errors="0">
  <testcase name="givenValidDataCreateCurriculum" time="0.080" classname="com.revature.controllertests.CurriculumControllerTest"/>
  <testcase name="deleteCurriculum" time="0.492" classname="com.revature.controllertests.CurriculumControllerTest"/>
  <testcase name="getAllCurriculum" time="0.465" classname="com.revature.controllertests.CurriculumControllerTest"/>
  <testcase name="getCurriculumById" time="0.181" classname="com.revature.controllertests.CurriculumControllerTest"/>
  <testcase name="updateCurriculum" time="0.032" classname="com.revature.controllertests.CurriculumControllerTest"/>
</testsuite> <!-- com.revature.controllertests.CurriculumControllerTest -->
