<?xml version="1.0" encoding="UTF-8"?>
<!-- Generated by org.testng.reporters.JUnitReportReporter -->
<testsuite skipped="0" hostname="Styx" name="com.revature.servicestests.ModuleServiceTest" tests="6" failures="0" timestamp="20 Aug 2019 19:39:49 GMT" time="0.016" errors="0">
  <testcase name="testGetAllModules" time="0.000" classname="com.revature.servicestests.ModuleServiceTest"/>
  <testcase name="testGetAverageByModuleIds" time="0.000" classname="com.revature.servicestests.ModuleServiceTest"/>
  <testcase name="testGetModuleById" time="0.000" classname="com.revature.servicestests.ModuleServiceTest"/>
  <testcase name="testDelete" time="0.000" classname="com.revature.servicestests.ModuleServiceTest"/>
  <testcase name="testCreateModule" time="0.016" classname="com.revature.servicestests.ModuleServiceTest"/>
  <testcase name="testGetAverageByAllModules" time="0.000" classname="com.revature.servicestests.ModuleServiceTest"/>
</testsuite> <!-- com.revature.servicestests.ModuleServiceTest -->
