<?xml version="1.0" encoding="UTF-8"?>
<!-- Generated by org.testng.reporters.JUnitReportReporter -->
<testsuite skipped="0" hostname="KylesPC" name="com.revature.controllers.SearchControllerTest" tests="5" failures="0" timestamp="16 Oct 2019 19:36:38 GMT" time="0.082" errors="0">
  <testcase name="givenValidSearchGetContentNotEqual" time="0.035" classname="com.revature.controllers.SearchControllerTest"/>
  <testcase name="givenInvalidSearchGetNoContentStatusOk" time="0.007" classname="com.revature.controllers.SearchControllerTest"/>
  <testcase name="givenInvalidSearchGetNoContentEquals" time="0.017" classname="com.revature.controllers.SearchControllerTest"/>
  <testcase name="givenValidSearchGetContentNotNull" time="0.012" classname="com.revature.controllers.SearchControllerTest"/>
  <testcase name="givenInvalidSearchGetNoContentNotNull" time="0.011" classname="com.revature.controllers.SearchControllerTest"/>
</testsuite> <!-- com.revature.controllers.SearchControllerTest -->
