<?xml version="1.0" encoding="UTF-8"?>
<!-- Generated by org.testng.reporters.JUnitReportReporter -->
<testsuite skipped="0" hostname="Daniel" name="com.revature.utiltests.TimeGraphTest" tests="7" failures="0" timestamp="19 Aug 2019 20:33:22 GMT" time="0.008" errors="0">
  <testcase name="testTimeGraphDataListOfLongInt" time="0.001" classname="com.revature.utiltests.TimeGraphTest"/>
  <testcase name="testSetNumContents" time="0.002" classname="com.revature.utiltests.TimeGraphTest"/>
  <testcase name="testToString" time="0.000" classname="com.revature.utiltests.TimeGraphTest"/>
  <testcase name="testSetReturnedLongs" time="0.001" classname="com.revature.utiltests.TimeGraphTest"/>
  <testcase name="testGetReturnedLongs" time="0.002" classname="com.revature.utiltests.TimeGraphTest"/>
  <testcase name="testTimeGraphData" time="0.001" classname="com.revature.utiltests.TimeGraphTest"/>
  <testcase name="testGetNumContents" time="0.001" classname="com.revature.utiltests.TimeGraphTest"/>
</testsuite> <!-- com.revature.utiltests.TimeGraphTest -->
