<?xml version="1.0" encoding="UTF-8"?>
<!-- Generated by org.testng.reporters.JUnitReportReporter -->
<testsuite skipped="0" hostname="KylesPC" name="com.revature.entities.ContentTest" tests="19" failures="0" timestamp="16 Oct 2019 19:36:39 GMT" time="0.353" errors="0">
  <testcase name="testGetLastModified" time="0.002" classname="com.revature.entities.ContentTest"/>
  <testcase name="testGetLinks" time="0.001" classname="com.revature.entities.ContentTest"/>
  <testcase name="testSetLastModified" time="0.001" classname="com.revature.entities.ContentTest"/>
  <testcase name="testSetId" time="0.001" classname="com.revature.entities.ContentTest"/>
  <testcase name="testGetId" time="0.000" classname="com.revature.entities.ContentTest"/>
  <testcase name="testSetTitle" time="0.001" classname="com.revature.entities.ContentTest"/>
  <testcase name="testGetTitle" time="0.000" classname="com.revature.entities.ContentTest"/>
  <testcase name="testGetDateCreated" time="0.000" classname="com.revature.entities.ContentTest"/>
  <testcase name="testGetDescription" time="0.000" classname="com.revature.entities.ContentTest"/>
  <testcase name="testGetFormat" time="0.001" classname="com.revature.entities.ContentTest"/>
  <testcase name="testSetDateCreated" time="0.000" classname="com.revature.entities.ContentTest"/>
  <testcase name="testToString" time="0.003" classname="com.revature.entities.ContentTest"/>
  <testcase name="testEqualsObject" time="0.338" classname="com.revature.entities.ContentTest"/>
  <testcase name="testGetUrl" time="0.001" classname="com.revature.entities.ContentTest"/>
  <testcase name="testContentInstanceOf" time="0.002" classname="com.revature.entities.ContentTest"/>
  <testcase name="testContentNotEqual" time="0.001" classname="com.revature.entities.ContentTest"/>
  <testcase name="testSetUrl" time="0.001" classname="com.revature.entities.ContentTest"/>
  <testcase name="testSetFormat" time="0.000" classname="com.revature.entities.ContentTest"/>
  <testcase name="testSetDescription" time="0.000" classname="com.revature.entities.ContentTest"/>
</testsuite> <!-- com.revature.entities.ContentTest -->
