<?xml version="1.0" encoding="UTF-8"?>
<!-- Generated by org.testng.reporters.JUnitReportReporter -->
<testsuite skipped="0" hostname="KylesPC" name="com.revature.util.ValidationUtilTest" tests="20" failures="0" timestamp="16 Oct 2019 19:36:38 GMT" time="0.223" errors="0">
  <testcase name="verifyContentTest" time="0.044" classname="com.revature.util.ValidationUtilTest"/>
  <testcase name="verifyContentTestFourthConditionMoreThanMAXCHARLENGTH" time="0.002" classname="com.revature.util.ValidationUtilTest"/>
  <testcase name="verifyContentTestSecondConditionGetFormatIsEmpty" time="0.010" classname="com.revature.util.ValidationUtilTest"/>
  <testcase name="verifyModuleIdTestThrowException" time="0.002" classname="com.revature.util.ValidationUtilTest"/>
  <testcase name="verifyStringFortmatTestThrowException" time="0.007" classname="com.revature.util.ValidationUtilTest"/>
  <testcase name="verifyContentTestContentEqualsNullThrowException" time="0.004" classname="com.revature.util.ValidationUtilTest"/>
  <testcase name="verifyModuleSecondConditiongetSubjectIsEmpty" time="0.003" classname="com.revature.util.ValidationUtilTest"/>
  <testcase name="verifyContentTestFourthConditionGetUrlIsEmpty" time="0.011" classname="com.revature.util.ValidationUtilTest"/>
  <testcase name="verifyModuleSecondConditionMoreThanMAXCHARLENGTH" time="0.003" classname="com.revature.util.ValidationUtilTest"/>
  <testcase name="verifyModuleTestFirstconditionThrowException" time="0.004" classname="com.revature.util.ValidationUtilTest"/>
  <testcase name="verifyIdTestThrowException" time="0.004" classname="com.revature.util.ValidationUtilTest"/>
  <testcase name="verifyFilterTest" time="0.101" classname="com.revature.util.ValidationUtilTest"/>
  <testcase name="verifyContentTestThirdConditionMoreThanMAXCHARLENGTH" time="0.008" classname="com.revature.util.ValidationUtilTest"/>
  <testcase name="verifyListModuleIdTestRuns" time="0.001" classname="com.revature.util.ValidationUtilTest"/>
  <testcase name="verifyStringTitleTestThrowException" time="0.004" classname="com.revature.util.ValidationUtilTest"/>
  <testcase name="verifyContentTestSecondConditionMoreThanMAXCHARLENGTH" time="0.002" classname="com.revature.util.ValidationUtilTest"/>
  <testcase name="verifyIdNoThrowException" time="0.003" classname="com.revature.util.ValidationUtilTest"/>
  <testcase name="verifyContentTestThirdConditionGetTitleIsEmpty" time="0.002" classname="com.revature.util.ValidationUtilTest"/>
  <testcase name="verifyContentTestFifthConditionThrowException" time="0.007" classname="com.revature.util.ValidationUtilTest"/>
  <testcase name="verifyModuleTest" time="0.001" classname="com.revature.util.ValidationUtilTest"/>
</testsuite> <!-- com.revature.util.ValidationUtilTest -->
