<?xml version="1.0" encoding="UTF-8"?>
<!-- Generated by org.testng.reporters.JUnitReportReporter -->
<testsuite skipped="0" hostname="Daniel" name="com.revature.entitiestests.ModuleTest" tests="12" failures="0" timestamp="19 Aug 2019 18:47:38 GMT" time="0.242" errors="0">
  <testcase name="testSetId" time="0.003" classname="com.revature.entitiestests.ModuleTest"/>
  <testcase name="testEqualsObject" time="0.217" classname="com.revature.entitiestests.ModuleTest"/>
  <testcase name="testGetLinks" time="0.004" classname="com.revature.entitiestests.ModuleTest"/>
  <testcase name="testGetSubject" time="0.003" classname="com.revature.entitiestests.ModuleTest"/>
  <testcase name="testSetSubject" time="0.003" classname="com.revature.entitiestests.ModuleTest"/>
  <testcase name="testModule" time="0.002" classname="com.revature.entitiestests.ModuleTest"/>
  <testcase name="testModuleIntStringIntSetOfLink" time="0.002" classname="com.revature.entitiestests.ModuleTest"/>
  <testcase name="testGetCreated" time="0.001" classname="com.revature.entitiestests.ModuleTest"/>
  <testcase name="testSetLinks" time="0.004" classname="com.revature.entitiestests.ModuleTest"/>
  <testcase name="testSetCreated" time="0.001" classname="com.revature.entitiestests.ModuleTest"/>
  <testcase name="testToString" time="0.001" classname="com.revature.entitiestests.ModuleTest"/>
  <testcase name="testGetId" time="0.001" classname="com.revature.entitiestests.ModuleTest"/>
</testsuite> <!-- com.revature.entitiestests.ModuleTest -->
