<?xml version="1.0" encoding="UTF-8"?>
<!-- Generated by org.testng.reporters.JUnitReportReporter -->
<testsuite skipped="0" hostname="Daniel" name="com.revature.entitiestests.ModuleTest" tests="12" failures="0" timestamp="13 Aug 2019 15:34:32 GMT" time="1.846" errors="0">
  <testcase name="testEqualsObject" time="1.764" classname="com.revature.entitiestests.ModuleTest"/>
  <testcase name="testGetCreated" time="0.030" classname="com.revature.entitiestests.ModuleTest"/>
  <testcase name="testGetId" time="0.005" classname="com.revature.entitiestests.ModuleTest"/>
  <testcase name="testSetLinks" time="0.003" classname="com.revature.entitiestests.ModuleTest"/>
  <testcase name="testSetCreated" time="0.005" classname="com.revature.entitiestests.ModuleTest"/>
  <testcase name="testSetSubject" time="0.004" classname="com.revature.entitiestests.ModuleTest"/>
  <testcase name="testGetLinks" time="0.012" classname="com.revature.entitiestests.ModuleTest"/>
  <testcase name="testModuleIntStringIntSetOfLink" time="0.002" classname="com.revature.entitiestests.ModuleTest"/>
  <testcase name="testToString" time="0.003" classname="com.revature.entitiestests.ModuleTest"/>
  <testcase name="testModule" time="0.007" classname="com.revature.entitiestests.ModuleTest"/>
  <testcase name="testSetId" time="0.005" classname="com.revature.entitiestests.ModuleTest"/>
  <testcase name="testGetSubject" time="0.006" classname="com.revature.entitiestests.ModuleTest"/>
</testsuite> <!-- com.revature.entitiestests.ModuleTest -->
