<?xml version="1.0" encoding="UTF-8"?>
<!-- Generated by org.testng.reporters.JUnitReportReporter -->
<testsuite skipped="0" hostname="Daniel" name="com.revature.controllertests.ModuleControllerTest" tests="4" failures="0" timestamp="20 Aug 2019 03:03:12 GMT" time="0.047" errors="0">
  <testcase name="getModuleById" time="0.000" classname="com.revature.controllertests.ModuleControllerTest"/>
  <testcase name="deleteModule" time="0.000" classname="com.revature.controllertests.ModuleControllerTest"/>
  <testcase name="getAllModules" time="0.015" classname="com.revature.controllertests.ModuleControllerTest"/>
  <testcase name="givenValidDataCreateModule" time="0.032" classname="com.revature.controllertests.ModuleControllerTest"/>
</testsuite> <!-- com.revature.controllertests.ModuleControllerTest -->
