<?xml version="1.0" encoding="UTF-8"?>
<!-- Generated by org.testng.reporters.JUnitReportReporter -->
<testsuite skipped="0" hostname="Daniel" name="com.revature.servicestests.TimeGraphServiceTest" tests="2" failures="0" timestamp="19 Aug 2019 18:47:38 GMT" time="0.008" errors="0">
  <testcase name="testGetTimeGraphData" time="0.005" classname="com.revature.servicestests.TimeGraphServiceTest"/>
  <testcase name="timeScaleInMarginOneVal" time="0.003" classname="com.revature.servicestests.TimeGraphServiceTest"/>
</testsuite> <!-- com.revature.servicestests.TimeGraphServiceTest -->
