<?xml version="1.0" encoding="UTF-8"?>
<!-- Generated by org.testng.reporters.JUnitReportReporter -->
<testsuite skipped="0" hostname="KylesPC" name="com.revature.controllers.LinkControllerTest" tests="11" failures="0" timestamp="16 Oct 2019 19:36:38 GMT" time="0.314" errors="0">
  <testcase name="testGetAllLinksStatusOk" time="0.008" classname="com.revature.controllers.LinkControllerTest"/>
  <testcase name="testDeleteLinkStatusOk" time="0.011" classname="com.revature.controllers.LinkControllerTest"/>
  <testcase name="testUpdateLinkTestReturn" time="0.002" classname="com.revature.controllers.LinkControllerTest"/>
  <testcase name="testGetSearchResultsTestReturn" time="0.017" classname="com.revature.controllers.LinkControllerTest"/>
  <testcase name="testGetAllLinksStatusTestReturn" time="0.010" classname="com.revature.controllers.LinkControllerTest"/>
  <testcase name="testCreateLinkTestReturn" time="0.017" classname="com.revature.controllers.LinkControllerTest"/>
  <testcase name="testUpdateLinkSTatusOk" time="0.007" classname="com.revature.controllers.LinkControllerTest"/>
  <testcase name="testCreateLinkStatusOk" time="0.222" classname="com.revature.controllers.LinkControllerTest"/>
  <testcase name="testGetLinkByIdStatusOk" time="0.006" classname="com.revature.controllers.LinkControllerTest"/>
  <testcase name="testGetLinkByIdTestReturn" time="0.005" classname="com.revature.controllers.LinkControllerTest"/>
  <testcase name="testGetSearchResultsStatusOk" time="0.009" classname="com.revature.controllers.LinkControllerTest"/>
</testsuite> <!-- com.revature.controllers.LinkControllerTest -->
