<?xml version="1.0" encoding="UTF-8"?>
<!-- Generated by org.testng.reporters.JUnitReportReporter -->
<testsuite skipped="0" hostname="KylesPC" name="com.revature.entities.ReqLinkTest" tests="12" failures="0" timestamp="16 Oct 2019 19:36:38 GMT" time="0.359" errors="0">
  <testcase name="getModuleTest" time="0.003" classname="com.revature.entities.ReqLinkTest"/>
  <testcase name="ReqLinkInstanceOf" time="0.001" classname="com.revature.entities.ReqLinkTest"/>
  <testcase name="setModuleTest" time="0.000" classname="com.revature.entities.ReqLinkTest"/>
  <testcase name="setAffiliationTest" time="0.001" classname="com.revature.entities.ReqLinkTest"/>
  <testcase name="toStringTest" time="0.001" classname="com.revature.entities.ReqLinkTest"/>
  <testcase name="ReqLinkNotEqual" time="0.001" classname="com.revature.entities.ReqLinkTest"/>
  <testcase name="getAffiliationTest" time="0.001" classname="com.revature.entities.ReqLinkTest"/>
  <testcase name="equalsTest" time="0.310" classname="com.revature.entities.ReqLinkTest"/>
  <testcase name="setRequestTest" time="0.037" classname="com.revature.entities.ReqLinkTest"/>
  <testcase name="setIdTest" time="0.002" classname="com.revature.entities.ReqLinkTest"/>
  <testcase name="getRequestTest" time="0.001" classname="com.revature.entities.ReqLinkTest"/>
  <testcase name="getIdTest" time="0.001" classname="com.revature.entities.ReqLinkTest"/>
</testsuite> <!-- com.revature.entities.ReqLinkTest -->
