<?xml version="1.0" encoding="UTF-8"?>
<!-- Generated by org.testng.reporters.JUnitReportReporter -->
<testsuite skipped="0" hostname="Daniel" name="com.revature.servicestests.SerachServiceTest" tests="6" failures="0" timestamp="20 Aug 2019 20:19:10 GMT" time="0.282" errors="0">
  <testcase name="getContentByModuleIdTest" time="0.000" classname="com.revature.servicestests.SerachServiceTest"/>
  <testcase name="filterContentByTitleTest" time="0.010" classname="com.revature.servicestests.SerachServiceTest"/>
  <testcase name="filterContentTest" time="0.010" classname="com.revature.servicestests.SerachServiceTest"/>
  <testcase name="filterContentBySubjectsTest" time="0.172" classname="com.revature.servicestests.SerachServiceTest"/>
  <testcase name="filterContentByFormatTest" time="0.080" classname="com.revature.servicestests.SerachServiceTest"/>
  <testcase name="filterTest" time="0.010" classname="com.revature.servicestests.SerachServiceTest"/>
</testsuite> <!-- com.revature.servicestests.SerachServiceTest -->
