<?xml version="1.0" encoding="UTF-8"?>
<!-- Generated by org.testng.reporters.JUnitReportReporter -->
<testsuite skipped="0" hostname="Daniel" name="com.revature.controllertests.ModuleControllerTest" tests="4" failures="0" timestamp="19 Aug 2019 18:47:38 GMT" time="0.091" errors="0">
  <testcase name="deleteModule" time="0.009" classname="com.revature.controllertests.ModuleControllerTest"/>
  <testcase name="givenValidDataCreateModule" time="0.062" classname="com.revature.controllertests.ModuleControllerTest"/>
  <testcase name="getModuleById" time="0.007" classname="com.revature.controllertests.ModuleControllerTest"/>
  <testcase name="getAllModules" time="0.013" classname="com.revature.controllertests.ModuleControllerTest"/>
</testsuite> <!-- com.revature.controllertests.ModuleControllerTest -->
