<?xml version="1.0" encoding="UTF-8"?>
<!-- Generated by org.testng.reporters.JUnitReportReporter -->
<testsuite skipped="0" hostname="KylesPC" name="com.revature.util.ServiceLogAspectTest" tests="11" failures="0" timestamp="16 Oct 2019 19:36:38 GMT" time="0.062" errors="0">
  <testcase name="logContentService_getAllContent_Test" time="0.006" classname="com.revature.util.ServiceLogAspectTest"/>
  <testcase name="logSearchService_getContentByModuleId_Test" time="0.002" classname="com.revature.util.ServiceLogAspectTest"/>
  <testcase name="logSearchService_filterContentByFormat_Test" time="0.006" classname="com.revature.util.ServiceLogAspectTest"/>
  <testcase name="logContentService_getContentById_Test" time="0.010" classname="com.revature.util.ServiceLogAspectTest"/>
  <testcase name="logSearchService_filterContentBySubjects_Test" time="0.006" classname="com.revature.util.ServiceLogAspectTest"/>
  <testcase name="logSearchService_filter_Test" time="0.005" classname="com.revature.util.ServiceLogAspectTest"/>
  <testcase name="logModuleService_getModuleById_Test" time="0.003" classname="com.revature.util.ServiceLogAspectTest"/>
  <testcase name="logModuleService_createModule" time="0.001" classname="com.revature.util.ServiceLogAspectTest"/>
  <testcase name="logContentService_createContent_Test" time="0.013" classname="com.revature.util.ServiceLogAspectTest"/>
  <testcase name="logSearchService_filterContentByTitle_Test" time="0.007" classname="com.revature.util.ServiceLogAspectTest"/>
  <testcase name="logModuleService_getAllModules_Test" time="0.003" classname="com.revature.util.ServiceLogAspectTest"/>
</testsuite> <!-- com.revature.util.ServiceLogAspectTest -->
