<?xml version="1.0" encoding="UTF-8"?>
<!-- Generated by org.testng.reporters.JUnitReportReporter -->
<testsuite skipped="0" hostname="KylesPC" name="com.revature.controllers.ContentControllerTest" tests="19" failures="0" timestamp="16 Oct 2019 19:36:38 GMT" time="0.562" errors="0">
  <testcase name="givenValidDataCreateContentTestReturn" time="0.036" classname="com.revature.controllers.ContentControllerTest"/>
  <testcase name="getLinksByContentIdTestReturn" time="0.007" classname="com.revature.controllers.ContentControllerTest"/>
  <testcase name="getLinksByContentIdStatusOk" time="0.011" classname="com.revature.controllers.ContentControllerTest"/>
  <testcase name="getAllContentsStatusOk" time="0.030" classname="com.revature.controllers.ContentControllerTest"/>
  <testcase name="createLinksTestReturn" time="0.028" classname="com.revature.controllers.ContentControllerTest"/>
  <testcase name="updateContentStatusOk" time="0.029" classname="com.revature.controllers.ContentControllerTest"/>
  <testcase name="createLinksStatusOk" time="0.215" classname="com.revature.controllers.ContentControllerTest"/>
  <testcase name="givenValidDataCreateContentGetLinksNotNullStatsuOk" time="0.026" classname="com.revature.controllers.ContentControllerTest"/>
  <testcase name="getContentByIdstatusOk" time="0.015" classname="com.revature.controllers.ContentControllerTest"/>
  <testcase name="getSearchResultsStatusOk" time="0.039" classname="com.revature.controllers.ContentControllerTest"/>
  <testcase name="givenValidDataCreateContentStatusOk" time="0.011" classname="com.revature.controllers.ContentControllerTest"/>
  <testcase name="getSearchResultsTestReturn" time="0.011" classname="com.revature.controllers.ContentControllerTest"/>
  <testcase name="deleteContentStatusOk" time="0.009" classname="com.revature.controllers.ContentControllerTest"/>
  <testcase name="updateLinksTestReturn" time="0.036" classname="com.revature.controllers.ContentControllerTest"/>
  <testcase name="getContentByIdTestReturn" time="0.010" classname="com.revature.controllers.ContentControllerTest"/>
  <testcase name="updateLinksStatusOk" time="0.013" classname="com.revature.controllers.ContentControllerTest"/>
  <testcase name="updateContentTestReturn" time="0.006" classname="com.revature.controllers.ContentControllerTest"/>
  <testcase name="getAllContentsStatusTestReturn" time="0.007" classname="com.revature.controllers.ContentControllerTest"/>
  <testcase name="givenValidDataCreateContentGetLinksNotNullTestReturn" time="0.023" classname="com.revature.controllers.ContentControllerTest"/>
</testsuite> <!-- com.revature.controllers.ContentControllerTest -->
