<?xml version="1.0" encoding="UTF-8"?>
<!-- Generated by org.testng.reporters.JUnitReportReporter -->
<testsuite skipped="0" hostname="Styx" name="com.revature.controllertests.SearchControllerTest" tests="2" failures="0" timestamp="18 Aug 2019 13:55:45 GMT" time="0.531" errors="0">
  <testcase name="givenValidSearchGetContent" time="0.062" classname="com.revature.controllertests.SearchControllerTest"/>
  <testcase name="givenInvalidSearchGetNoContent" time="0.469" classname="com.revature.controllertests.SearchControllerTest"/>
</testsuite> <!-- com.revature.controllertests.SearchControllerTest -->
