<?xml version="1.0" encoding="UTF-8"?>
<!-- Generated by org.testng.reporters.JUnitReportReporter -->
<testsuite skipped="0" hostname="KylesPC" name="com.revature.entities.LinkTest" tests="10" failures="0" timestamp="16 Oct 2019 19:36:38 GMT" time="0.334" errors="0">
  <testcase name="testLinkInstanceOF" time="0.002" classname="com.revature.entities.LinkTest"/>
  <testcase name="testSetContent" time="0.000" classname="com.revature.entities.LinkTest"/>
  <testcase name="testLinkNotEqual" time="0.000" classname="com.revature.entities.LinkTest"/>
  <testcase name="testSetModule" time="0.001" classname="com.revature.entities.LinkTest"/>
  <testcase name="testSetId" time="0.001" classname="com.revature.entities.LinkTest"/>
  <testcase name="testGetContent" time="0.001" classname="com.revature.entities.LinkTest"/>
  <testcase name="testEqualsObject" time="0.322" classname="com.revature.entities.LinkTest"/>
  <testcase name="testGetId" time="0.000" classname="com.revature.entities.LinkTest"/>
  <testcase name="testGetModule" time="0.001" classname="com.revature.entities.LinkTest"/>
  <testcase name="testToString" time="0.006" classname="com.revature.entities.LinkTest"/>
</testsuite> <!-- com.revature.entities.LinkTest -->
