<?xml version="1.0" encoding="UTF-8"?>
<!-- Generated by org.testng.reporters.JUnitReportReporter -->
<testsuite skipped="0" hostname="Daniel" name="com.revature.entitiestests.LinkTest" tests="12" failures="0" timestamp="20 Aug 2019 03:03:12 GMT" time="0.172" errors="0">
  <testcase name="testSetContentId" time="0.000" classname="com.revature.entitiestests.LinkTest"/>
  <testcase name="testSetId" time="0.000" classname="com.revature.entitiestests.LinkTest"/>
  <testcase name="testLink" time="0.000" classname="com.revature.entitiestests.LinkTest"/>
  <testcase name="testGetAffiliation" time="0.000" classname="com.revature.entitiestests.LinkTest"/>
  <testcase name="testGetModuleId" time="0.000" classname="com.revature.entitiestests.LinkTest"/>
  <testcase name="testEqualsObject" time="0.172" classname="com.revature.entitiestests.LinkTest"/>
  <testcase name="testGetId" time="0.000" classname="com.revature.entitiestests.LinkTest"/>
  <testcase name="testToString" time="0.000" classname="com.revature.entitiestests.LinkTest"/>
  <testcase name="testSetModuleId" time="0.000" classname="com.revature.entitiestests.LinkTest"/>
  <testcase name="testSetAffiliation" time="0.000" classname="com.revature.entitiestests.LinkTest"/>
  <testcase name="testLinkIntIntIntString" time="0.000" classname="com.revature.entitiestests.LinkTest"/>
  <testcase name="testGetContentId" time="0.000" classname="com.revature.entitiestests.LinkTest"/>
</testsuite> <!-- com.revature.entitiestests.LinkTest -->
