<?xml version="1.0" encoding="UTF-8"?>
<!-- Generated by org.testng.reporters.JUnitReportReporter -->
<testsuite skipped="0" hostname="KylesPC" name="com.revature.util.MetricsDataTest" tests="16" failures="0" timestamp="16 Oct 2019 19:36:39 GMT" time="0.194" errors="0">
  <testcase name="testSetAvgResources" time="0.001" classname="com.revature.util.MetricsDataTest"/>
  <testcase name="testMetricsDataInstanceof" time="0.001" classname="com.revature.util.MetricsDataTest"/>
  <testcase name="testToString" time="0.001" classname="com.revature.util.MetricsDataTest"/>
  <testcase name="testSetPptCount" time="0.007" classname="com.revature.util.MetricsDataTest"/>
  <testcase name="testGetAvgResources" time="0.000" classname="com.revature.util.MetricsDataTest"/>
  <testcase name="testSetNumDiffModsCount" time="0.001" classname="com.revature.util.MetricsDataTest"/>
  <testcase name="testGetPptCount" time="0.001" classname="com.revature.util.MetricsDataTest"/>
  <testcase name="testGetTimeGraphData" time="0.000" classname="com.revature.util.MetricsDataTest"/>
  <testcase name="testMetricsDataNotEqual" time="0.003" classname="com.revature.util.MetricsDataTest"/>
  <testcase name="testSetCodeCount" time="0.001" classname="com.revature.util.MetricsDataTest"/>
  <testcase name="testGetNumDiffModsCount" time="0.004" classname="com.revature.util.MetricsDataTest"/>
  <testcase name="testSetDocumentCount" time="0.003" classname="com.revature.util.MetricsDataTest"/>
  <testcase name="testSetTimeGraphData" time="0.001" classname="com.revature.util.MetricsDataTest"/>
  <testcase name="testGetCodeCount" time="0.001" classname="com.revature.util.MetricsDataTest"/>
  <testcase name="testEqualsObject" time="0.169" classname="com.revature.util.MetricsDataTest"/>
  <testcase name="testGetDocumentCount" time="0.000" classname="com.revature.util.MetricsDataTest"/>
</testsuite> <!-- com.revature.util.MetricsDataTest -->
