<?xml version="1.0" encoding="UTF-8"?>
<!-- Generated by org.testng.reporters.JUnitReportReporter -->
<testsuite skipped="0" hostname="Daniel" name="com.revature.servicestests.ModuleServiceTest" tests="6" failures="0" timestamp="20 Aug 2019 14:28:31 GMT" time="0.093" errors="0">
  <testcase name="testDelete" time="0.010" classname="com.revature.servicestests.ModuleServiceTest"/>
  <testcase name="testGetAllModules" time="0.010" classname="com.revature.servicestests.ModuleServiceTest"/>
  <testcase name="testGetAverageByModuleIds" time="0.010" classname="com.revature.servicestests.ModuleServiceTest"/>
  <testcase name="testCreateModule" time="0.051" classname="com.revature.servicestests.ModuleServiceTest"/>
  <testcase name="testGetModuleById" time="0.004" classname="com.revature.servicestests.ModuleServiceTest"/>
  <testcase name="testGetAverageByAllModules" time="0.008" classname="com.revature.servicestests.ModuleServiceTest"/>
</testsuite> <!-- com.revature.servicestests.ModuleServiceTest -->
