<?xml version="1.0" encoding="UTF-8"?>
<!-- Generated by org.testng.reporters.JUnitReportReporter -->
<testsuite skipped="0" hostname="Daniel" name="com.revature.controllertests.ContentControllerTest" tests="5" failures="0" timestamp="19 Aug 2019 20:33:22 GMT" time="0.402" errors="0">
  <testcase name="getAllContents" time="0.104" classname="com.revature.controllertests.ContentControllerTest"/>
  <testcase name="updateContent" time="0.018" classname="com.revature.controllertests.ContentControllerTest"/>
  <testcase name="deleteContent" time="0.189" classname="com.revature.controllertests.ContentControllerTest"/>
  <testcase name="getContentById" time="0.022" classname="com.revature.controllertests.ContentControllerTest"/>
  <testcase name="givenValidDataCreateContent" time="0.069" classname="com.revature.controllertests.ContentControllerTest"/>
</testsuite> <!-- com.revature.controllertests.ContentControllerTest -->
