<?xml version="1.0" encoding="UTF-8"?>
<!-- Generated by org.testng.reporters.JUnitReportReporter -->
<testsuite skipped="0" hostname="Styx" name="com.revature.controllertests.ContentControllerTest" tests="5" failures="0" timestamp="20 Aug 2019 19:39:49 GMT" time="0.135" errors="0">
  <testcase name="getAllContents" time="0.016" classname="com.revature.controllertests.ContentControllerTest"/>
  <testcase name="deleteContent" time="0.062" classname="com.revature.controllertests.ContentControllerTest"/>
  <testcase name="getContentById" time="0.000" classname="com.revature.controllertests.ContentControllerTest"/>
  <testcase name="updateContent" time="0.014" classname="com.revature.controllertests.ContentControllerTest"/>
  <testcase name="givenValidDataCreateContent" time="0.043" classname="com.revature.controllertests.ContentControllerTest"/>
</testsuite> <!-- com.revature.controllertests.ContentControllerTest -->
