<?xml version="1.0" encoding="UTF-8"?>
<!-- Generated by org.testng.reporters.JUnitReportReporter -->
<testsuite skipped="0" hostname="DESKTOP-RTQ1U1L" name="com.revature.servicestests.SerachServiceTest2" tests="6" failures="0" timestamp="20 Aug 2019 19:52:28 GMT" time="0.070" errors="0">
  <testcase name="filterContentBySubjectsTest" time="0.042" classname="com.revature.servicestests.SerachServiceTest2"/>
  <testcase name="filterContentByFormatTest" time="0.022" classname="com.revature.servicestests.SerachServiceTest2"/>
  <testcase name="filterContentTest" time="0.001" classname="com.revature.servicestests.SerachServiceTest2"/>
  <testcase name="filterTest" time="0.002" classname="com.revature.servicestests.SerachServiceTest2"/>
  <testcase name="getContentByModuleIdTest" time="0.001" classname="com.revature.servicestests.SerachServiceTest2"/>
  <testcase name="filterContentByTitleTest" time="0.002" classname="com.revature.servicestests.SerachServiceTest2"/>
</testsuite> <!-- com.revature.servicestests.SerachServiceTest2 -->
