<?xml version="1.0" encoding="UTF-8"?>
<!-- Generated by org.testng.reporters.JUnitReportReporter -->
<testsuite skipped="0" hostname="Daniel" name="com.revature.controllertests.ContentControllerTest" tests="5" failures="0" timestamp="20 Aug 2019 03:03:12 GMT" time="0.281" errors="0">
  <testcase name="getContentById" time="0.032" classname="com.revature.controllertests.ContentControllerTest"/>
  <testcase name="deleteContent" time="0.125" classname="com.revature.controllertests.ContentControllerTest"/>
  <testcase name="givenValidDataCreateContent" time="0.046" classname="com.revature.controllertests.ContentControllerTest"/>
  <testcase name="getAllContents" time="0.078" classname="com.revature.controllertests.ContentControllerTest"/>
  <testcase name="updateContent" time="0.000" classname="com.revature.controllertests.ContentControllerTest"/>
</testsuite> <!-- com.revature.controllertests.ContentControllerTest -->
