<?xml version="1.0" encoding="UTF-8"?>
<!-- Generated by org.testng.reporters.JUnitReportReporter -->
<testsuite skipped="0" hostname="DESKTOP-RTQ1U1L" name="com.revature.servicestests.ModuleServiceTest2" tests="3" failures="0" timestamp="20 Aug 2019 00:50:07 GMT" time="0.025" errors="0">
  <testcase name="getModuleByIdTest" time="0.005" classname="com.revature.servicestests.ModuleServiceTest2"/>
  <testcase name="createModuleTest" time="0.016" classname="com.revature.servicestests.ModuleServiceTest2"/>
  <testcase name="getAllModulesTest" time="0.004" classname="com.revature.servicestests.ModuleServiceTest2"/>
</testsuite> <!-- com.revature.servicestests.ModuleServiceTest2 -->
