<?xml version="1.0" encoding="UTF-8"?>
<!-- Generated by org.testng.reporters.JUnitReportReporter -->
<testsuite skipped="0" hostname="KylesPC" name="com.revature.util.ControllerLogAspectTest" tests="14" failures="0" timestamp="16 Oct 2019 19:36:38 GMT" time="0.059" errors="0">
  <testcase name="logSearchTestLogLevel" time="0.002" classname="com.revature.util.ControllerLogAspectTest"/>
  <testcase name="logContentGetAllTestMessage" time="0.003" classname="com.revature.util.ControllerLogAspectTest"/>
  <testcase name="logContentGetIdTestLogLevel" time="0.005" classname="com.revature.util.ControllerLogAspectTest"/>
  <testcase name="logModuleGetAllTestLogLevel" time="0.005" classname="com.revature.util.ControllerLogAspectTest"/>
  <testcase name="logModuleCreationTestLogLevel" time="0.003" classname="com.revature.util.ControllerLogAspectTest"/>
  <testcase name="logContentCreationTestLogLevel" time="0.005" classname="com.revature.util.ControllerLogAspectTest"/>
  <testcase name="logContentCreationTestMessage" time="0.002" classname="com.revature.util.ControllerLogAspectTest"/>
  <testcase name="logContentGetIdTestMessage" time="0.006" classname="com.revature.util.ControllerLogAspectTest"/>
  <testcase name="logContentGetAllTestLogLevel" time="0.002" classname="com.revature.util.ControllerLogAspectTest"/>
  <testcase name="logSearchTestMessage" time="0.006" classname="com.revature.util.ControllerLogAspectTest"/>
  <testcase name="logModuleGetAllTestMessage" time="0.003" classname="com.revature.util.ControllerLogAspectTest"/>
  <testcase name="logModuleGetIdTestLogLEvel" time="0.003" classname="com.revature.util.ControllerLogAspectTest"/>
  <testcase name="logModuleCreationTestMessage" time="0.002" classname="com.revature.util.ControllerLogAspectTest"/>
  <testcase name="logModuleGetIdTestMessage" time="0.012" classname="com.revature.util.ControllerLogAspectTest"/>
</testsuite> <!-- com.revature.util.ControllerLogAspectTest -->
