<?xml version="1.0" encoding="UTF-8"?>
<!-- Generated by org.testng.reporters.JUnitReportReporter -->
<testsuite skipped="0" hostname="Daniel" name="com.revature.entitiestests.ContentTest" tests="20" failures="0" timestamp="09 Aug 2019 16:25:07 GMT" time="2.034" errors="0">
  <testcase name="testToString" time="0.002" classname="com.revature.entitiestests.ContentTest"/>
  <testcase name="testGetLastModified" time="0.013" classname="com.revature.entitiestests.ContentTest"/>
  <testcase name="testGetDateCreated" time="0.017" classname="com.revature.entitiestests.ContentTest"/>
  <testcase name="testSetTitle" time="0.004" classname="com.revature.entitiestests.ContentTest"/>
  <testcase name="testEqualsObject" time="1.881" classname="com.revature.entitiestests.ContentTest"/>
  <testcase name="testSetDescription" time="0.012" classname="com.revature.entitiestests.ContentTest"/>
  <testcase name="testSetId" time="0.003" classname="com.revature.entitiestests.ContentTest"/>
  <testcase name="testGetDescription" time="0.009" classname="com.revature.entitiestests.ContentTest"/>
  <testcase name="testSetLinks" time="0.002" classname="com.revature.entitiestests.ContentTest"/>
  <testcase name="testGetLinks" time="0.002" classname="com.revature.entitiestests.ContentTest"/>
  <testcase name="testContent" time="0.020" classname="com.revature.entitiestests.ContentTest"/>
  <testcase name="testGetId" time="0.006" classname="com.revature.entitiestests.ContentTest"/>
  <testcase name="testGetUrl" time="0.005" classname="com.revature.entitiestests.ContentTest"/>
  <testcase name="testSetFormat" time="0.004" classname="com.revature.entitiestests.ContentTest"/>
  <testcase name="testGetFormat" time="0.021" classname="com.revature.entitiestests.ContentTest"/>
  <testcase name="testSetDateCreated" time="0.008" classname="com.revature.entitiestests.ContentTest"/>
  <testcase name="testSetLastModified" time="0.011" classname="com.revature.entitiestests.ContentTest"/>
  <testcase name="testSetUrl" time="0.001" classname="com.revature.entitiestests.ContentTest"/>
  <testcase name="testContentIntStringStringStringStringSetOfLinkLongLong" time="0.008" classname="com.revature.entitiestests.ContentTest"/>
  <testcase name="testGetTitle" time="0.005" classname="com.revature.entitiestests.ContentTest"/>
</testsuite> <!-- com.revature.entitiestests.ContentTest -->
