<?xml version="1.0" encoding="UTF-8"?>
<!-- Generated by org.testng.reporters.JUnitReportReporter -->
<testsuite skipped="0" hostname="Daniel" name="com.revature.entitiestests.LinkTest" tests="12" failures="0" timestamp="09 Aug 2019 16:54:38 GMT" time="1.920" errors="0">
  <testcase name="testSetId" time="0.001" classname="com.revature.entitiestests.LinkTest"/>
  <testcase name="testSetContentId" time="0.003" classname="com.revature.entitiestests.LinkTest"/>
  <testcase name="testGetAffiliation" time="0.033" classname="com.revature.entitiestests.LinkTest"/>
  <testcase name="testGetContentId" time="0.006" classname="com.revature.entitiestests.LinkTest"/>
  <testcase name="testGetModuleId" time="0.002" classname="com.revature.entitiestests.LinkTest"/>
  <testcase name="testLinkIntIntIntString" time="0.006" classname="com.revature.entitiestests.LinkTest"/>
  <testcase name="testGetId" time="0.002" classname="com.revature.entitiestests.LinkTest"/>
  <testcase name="testToString" time="0.002" classname="com.revature.entitiestests.LinkTest"/>
  <testcase name="testEqualsObject" time="1.856" classname="com.revature.entitiestests.LinkTest"/>
  <testcase name="testLink" time="0.004" classname="com.revature.entitiestests.LinkTest"/>
  <testcase name="testSetAffiliation" time="0.003" classname="com.revature.entitiestests.LinkTest"/>
  <testcase name="testSetModuleId" time="0.002" classname="com.revature.entitiestests.LinkTest"/>
</testsuite> <!-- com.revature.entitiestests.LinkTest -->
