<?xml version="1.0" encoding="UTF-8"?>
<!-- Generated by org.testng.reporters.JUnitReportReporter -->
<testsuite skipped="0" hostname="KylesPC" name="com.revature.controllers.ModuleControllerTest" tests="7" failures="0" timestamp="16 Oct 2019 19:36:39 GMT" time="0.135" errors="0">
  <testcase name="deleteModuleStatusOK" time="0.006" classname="com.revature.controllers.ModuleControllerTest"/>
  <testcase name="getAllModulesTestReturnTrue" time="0.028" classname="com.revature.controllers.ModuleControllerTest"/>
  <testcase name="givenValidDataCreateModuleTestReturnTrue" time="0.023" classname="com.revature.controllers.ModuleControllerTest"/>
  <testcase name="getModuleByIdStatusOK" time="0.009" classname="com.revature.controllers.ModuleControllerTest"/>
  <testcase name="givenValidDataCreateModuleStatusOK" time="0.011" classname="com.revature.controllers.ModuleControllerTest"/>
  <testcase name="getModuleById" time="0.035" classname="com.revature.controllers.ModuleControllerTest"/>
  <testcase name="getAllModulesStatusOK" time="0.023" classname="com.revature.controllers.ModuleControllerTest"/>
</testsuite> <!-- com.revature.controllers.ModuleControllerTest -->
