<?xml version="1.0" encoding="UTF-8"?>
<!-- Generated by org.testng.reporters.JUnitReportReporter -->
<testsuite skipped="0" hostname="KylesPC" name="com.revature.controllers.MetricsControllerTest" tests="5" failures="0" timestamp="16 Oct 2019 19:36:38 GMT" time="0.176" errors="0">
  <testcase name="testidsInNotEmptyPowerpointExists" time="0.018" classname="com.revature.controllers.MetricsControllerTest"/>
  <testcase name="testidsInNotEmptyCodeExists" time="0.030" classname="com.revature.controllers.MetricsControllerTest"/>
  <testcase name="testidsInEmpty" time="0.083" classname="com.revature.controllers.MetricsControllerTest"/>
  <testcase name="testidsInNotEmpty" time="0.027" classname="com.revature.controllers.MetricsControllerTest"/>
  <testcase name="testidsInNotEmptyDocumentExists" time="0.018" classname="com.revature.controllers.MetricsControllerTest"/>
</testsuite> <!-- com.revature.controllers.MetricsControllerTest -->
