<?xml version="1.0" encoding="UTF-8"?>
<!-- Generated by org.testng.reporters.JUnitReportReporter -->
<testsuite skipped="0" hostname="Daniel" name="com.revature.controllertests.SearchControllerTest" tests="2" failures="0" timestamp="20 Aug 2019 03:03:12 GMT" time="0.062" errors="0">
  <testcase name="givenInvalidSearchGetNoContent" time="0.016" classname="com.revature.controllertests.SearchControllerTest"/>
  <testcase name="givenValidSearchGetContent" time="0.046" classname="com.revature.controllertests.SearchControllerTest"/>
</testsuite> <!-- com.revature.controllertests.SearchControllerTest -->
