<?xml version="1.0" encoding="UTF-8"?>
<!-- Generated by org.testng.reporters.JUnitReportReporter -->
<testsuite skipped="0" hostname="KylesPC" name="com.revature.services.TimeGraphServiceTest" tests="2" failures="0" timestamp="16 Oct 2019 19:36:39 GMT" time="0.012" errors="0">
  <testcase name="testGetTimeGraphData" time="0.007" classname="com.revature.services.TimeGraphServiceTest"/>
  <testcase name="timeScaleInMarginOneVal" time="0.005" classname="com.revature.services.TimeGraphServiceTest"/>
</testsuite> <!-- com.revature.services.TimeGraphServiceTest -->
