<?xml version="1.0" encoding="UTF-8"?>
<!-- Generated by org.testng.reporters.JUnitReportReporter -->
<testsuite skipped="0" hostname="KylesPC" name="com.revature.JSONEntities.JSONContentTest" tests="3" failures="0" timestamp="16 Oct 2019 19:36:38 GMT" time="1.878" errors="0">
  <testcase name="testToString" time="0.002" classname="com.revature.JSONEntities.JSONContentTest"/>
  <testcase name="testContent" time="0.001" classname="com.revature.JSONEntities.JSONContentTest"/>
  <testcase name="equalsTest" time="1.875" classname="com.revature.JSONEntities.JSONContentTest"/>
</testsuite> <!-- com.revature.JSONEntities.JSONContentTest -->
