<?xml version="1.0" encoding="UTF-8"?>
<!-- Generated by org.testng.reporters.JUnitReportReporter -->
<testsuite skipped="0" hostname="Daniel" name="com.revature.utiltests.ContentWrapperTest" tests="7" failures="0" timestamp="20 Aug 2019 03:03:12 GMT" time="0.000" errors="0">
  <testcase name="testSetLinks" time="0.000" classname="com.revature.utiltests.ContentWrapperTest"/>
  <testcase name="testToString" time="0.000" classname="com.revature.utiltests.ContentWrapperTest"/>
  <testcase name="testGetContent" time="0.000" classname="com.revature.utiltests.ContentWrapperTest"/>
  <testcase name="testGetLinks" time="0.000" classname="com.revature.utiltests.ContentWrapperTest"/>
  <testcase name="testContentWrapper" time="0.000" classname="com.revature.utiltests.ContentWrapperTest"/>
  <testcase name="testSetContent" time="0.000" classname="com.revature.utiltests.ContentWrapperTest"/>
  <testcase name="testContentWrapperContentLinkArray" time="0.000" classname="com.revature.utiltests.ContentWrapperTest"/>
</testsuite> <!-- com.revature.utiltests.ContentWrapperTest -->
