<?xml version="1.0" encoding="UTF-8"?>
<!-- Generated by org.testng.reporters.JUnitReportReporter -->
<testsuite skipped="0" hostname="KylesPC" name="com.revature.entities.RequestTest" tests="20" failures="0" timestamp="16 Oct 2019 19:36:38 GMT" time="0.421" errors="0">
  <testcase name="setTitleTest" time="0.001" classname="com.revature.entities.RequestTest"/>
  <testcase name="getTitleTest" time="0.000" classname="com.revature.entities.RequestTest"/>
  <testcase name="setFormatTest" time="0.001" classname="com.revature.entities.RequestTest"/>
  <testcase name="getDescriptionTest" time="0.000" classname="com.revature.entities.RequestTest"/>
  <testcase name="getLastModifiedTest" time="0.001" classname="com.revature.entities.RequestTest"/>
  <testcase name="setLastModifiedTest" time="0.001" classname="com.revature.entities.RequestTest"/>
  <testcase name="getContentTest" time="0.001" classname="com.revature.entities.RequestTest"/>
  <testcase name="setReqLinksTest" time="0.001" classname="com.revature.entities.RequestTest"/>
  <testcase name="setDescriptionTest" time="0.001" classname="com.revature.entities.RequestTest"/>
  <testcase name="toStringTest" time="0.001" classname="com.revature.entities.RequestTest"/>
  <testcase name="setContentTest" time="0.001" classname="com.revature.entities.RequestTest"/>
  <testcase name="setIdTest" time="0.002" classname="com.revature.entities.RequestTest"/>
  <testcase name="getIdTest" time="0.001" classname="com.revature.entities.RequestTest"/>
  <testcase name="RequestNotEqual" time="0.002" classname="com.revature.entities.RequestTest"/>
  <testcase name="equalsTest" time="0.399" classname="com.revature.entities.RequestTest"/>
  <testcase name="getFormatTest" time="0.001" classname="com.revature.entities.RequestTest"/>
  <testcase name="getReqLinksTest" time="0.001" classname="com.revature.entities.RequestTest"/>
  <testcase name="getDateCreatedTest" time="0.002" classname="com.revature.entities.RequestTest"/>
  <testcase name="setDateCreatedTest" time="0.003" classname="com.revature.entities.RequestTest"/>
  <testcase name="RequestInstanceof" time="0.001" classname="com.revature.entities.RequestTest"/>
</testsuite> <!-- com.revature.entities.RequestTest -->
