<?xml version="1.0" encoding="UTF-8"?>
<!-- Generated by org.testng.reporters.JUnitReportReporter -->
<testsuite skipped="0" hostname="KylesPC" name="com.revature.exceptions.InvalidSearchExceptionTest" tests="4" failures="0" timestamp="16 Oct 2019 19:36:38 GMT" time="0.005" errors="0">
  <testcase name="InvalidSearchExceptionMessageInjectedBySuperTestFalse" time="0.002" classname="com.revature.exceptions.InvalidSearchExceptionTest"/>
  <testcase name="InvalidSearchExceptionMessageInjectedBySuperTestTrue" time="0.001" classname="com.revature.exceptions.InvalidSearchExceptionTest"/>
  <testcase name="InvalidSearchExceptionMessageInjectedByThrowTestFalse" time="0.001" classname="com.revature.exceptions.InvalidSearchExceptionTest"/>
  <testcase name="InvalidSearchExceptionMessageInjectedByThrowTestTrue" time="0.001" classname="com.revature.exceptions.InvalidSearchExceptionTest"/>
</testsuite> <!-- com.revature.exceptions.InvalidSearchExceptionTest -->
